<?xml version="1.0" encoding="UTF-8" ?>
<testsuite tests="20" failures="0" name="org.zero.utils.HttpUtilsTest" time="3.448" errors="0" skipped="0">
  <properties>
[...]
</properties>
  <testcase classname="org.zero.utils.HttpUtilsTest" name="selectMetaInfoNotExists" time="0.252"/>
  <testcase classname="org.zero.utils.HttpUtilsTest" name="formUploadHtml" time="0.189"/>
  <testcase classname="org.zero.utils.HttpUtilsTest" name="getConnectionFileServer" time="0.007"/>
  <testcase classname="org.zero.utils.HttpUtilsTest" name="downloadDoc" time="0.239"/>
  <testcase classname="org.zero.utils.HttpUtilsTest" name="downloadPDF" time="0.097"/>
  <testcase classname="org.zero.utils.HttpUtilsTest" name="downloadRAR" time="0.171"/>
  <testcase classname="org.zero.utils.HttpUtilsTest" name="downloadXML" time="0.076"/>
  <testcase classname="org.zero.utils.HttpUtilsTest" name="downloadWps" time="0.19"/>
  <testcase classname="org.zero.utils.HttpUtilsTest" name="multiTypeFormUpload" time="0.082"/>
  <testcase classname="org.zero.utils.HttpUtilsTest" name="formUpload" time="0.06"/>
  <testcase classname="org.zero.utils.HttpUtilsTest" name="selectMetaInfoExists" time="0.175"/>
  <testcase classname="org.zero.utils.HttpUtilsTest" name="getConnectionBaiDu" time="0.861"/>
  <testcase classname="org.zero.utils.HttpUtilsTest" name="downloadExists" time="0.152"/>
  <testcase classname="org.zero.utils.HttpUtilsTest" name="multiFormUpload" time="0.168"/>
  <testcase classname="org.zero.utils.HttpUtilsTest" name="downloadHtml" time="0.064"/>
  <testcase classname="org.zero.utils.HttpUtilsTest" name="formUploadDoc" time="0.177"/>
  <testcase classname="org.zero.utils.HttpUtilsTest" name="formUploadPDF" time="0.089"/>
  <testcase classname="org.zero.utils.HttpUtilsTest" name="formUploadRAR" time="0.14"/>
  <testcase classname="org.zero.utils.HttpUtilsTest" name="formUploadXML" time="0.081"/>
  <testcase classname="org.zero.utils.HttpUtilsTest" name="formUploadWps" time="0.178"/>
</testsuite>